******************************************************
**  output file generated by SIMPRE version 1.1  **
******************************************************

 ____________________________________________________

 .######..####.##.....##.########..########..########
 ##....##..##..###...###.##.....##.##.....##.##......
 ##........##..####.####.##.....##.##.....##.##......
 .######...##..##.###.##.########..########..######..
 ......##..##..##.....##.##........##...##...##......
 ##....##..##..##.....##.##........##....##..##......
 .######..####.##.....##.##........##.....##.########
 ____________________________________________________

 ****************************************************

               ion:      Yb(III)
 number of charges:            8
                 g:        1.143
             units:         meV 

 stv           2           4           6
      0.03174603 -0.00173160  0.00014800

 <r>k          2           4           6
      0.57100000  1.44800000  7.00300000

 shi           2           4           6
      0.57100000 -0.07250000 -0.03000000


  input coordinates

  cartesian (Å)
         x            y            z            Z  
    0.0000000    0.0000000    1.5419687    0.5000000
    0.0000000    0.0000000   -1.5419687    0.5000000
    0.7849663    1.3064032    0.3239561    0.3000000
    0.7849663   -1.3064032    0.3239561    0.3000000
   -0.7849663    1.3064032   -0.3239561    0.3000000
   -0.7849663   -1.3064032   -0.3239561    0.3000000
    1.4313866    0.0000000   -0.3568848    0.1500000
   -1.4313866    0.0000000    0.3568848    0.1500000

  spherical (rad)
         r          theta         phi           Z  
    1.5419687    0.0000000    0.0000000    0.5000000
    1.5419687    3.1415927    0.0000000    0.5000000
    1.5581428    1.3613568    1.0297443    0.3000000
    1.5581428    1.3613568    5.2534410    0.3000000
    1.5581428    1.7802358    2.1118484    0.3000000
    1.5581428    1.7802358    4.1713369    0.3000000
    1.4752065    1.8151424    0.0000000    0.1500000
    1.4752065    1.3264502    3.1415927    0.1500000


 ****************************************************
     Stevens Crystal Field Parameters (meV )
 ****************************************************

   k   q         Akq <rk>             Bkq            
 ----------------------------------------------------

   2   0       47.50832017        1.50820064   
   2   1      -33.45834132       -1.06216957   
   2  -1        0.00000000        0.00000000   
   2   2      -40.38200810       -1.28196851   
   2  -2        0.00000000        0.00000000   
   4   0       33.08164446       -0.05728423   
   4   1       11.84428746       -0.02050959   
   4  -1        0.00000000        0.00000000   
   4   2        9.35223481       -0.01619435   
   4  -2        0.00000000        0.00000000   
   4   3      267.58113230       -0.46334395   
   4  -3        0.00000000        0.00000000   
   4   4      -27.64156934        0.04786419   
   4  -4        0.00000000        0.00000000   
   6   0        6.40291568        0.00094763   
   6   1       -4.24572203       -0.00062837   
   6  -1        0.00000000        0.00000000   
   6   2       -2.68882492       -0.00039795   
   6  -2        0.00000000        0.00000000   
   6   3      -68.61521262       -0.01015506   
   6  -3        0.00000000        0.00000000   
   6   4        4.61359163        0.00068281   
   6  -4        0.00000000        0.00000000   
   6   5       -1.59239060       -0.00023567   
   6  -5        0.00000000        0.00000000   
   6   6       65.18175458        0.00964691   
   6  -6        0.00000000        0.00000000   

Eigenvalues (meV ) and eigenvectors

                     -3.50     -2.50     -1.50     -0.50      0.50      1.50      2.50      3.50

        0.000000  0.278396 -0.084520  0.049618 -0.945259 -0.022854 -0.102417 -0.083615  0.037050
                  0.000000 -0.000000  0.000000 -0.000000 -0.000000  0.000000 -0.000000  0.000000

        0.000000  0.037050  0.083615 -0.102417  0.022854 -0.945259 -0.049618 -0.084520 -0.278396
                  0.000000  0.000000 -0.000000  0.000000 -0.000000 -0.000000  0.000000 -0.000000

       69.120413  0.549202 -0.070728  0.767538  0.205196 -0.032328  0.153512 -0.177663 -0.077330
                  0.000000 -0.000000  0.000000  0.000000  0.000000  0.000000 -0.000000 -0.000000

       69.120413  0.077330 -0.177663 -0.153512 -0.032328 -0.205196  0.767538  0.070728  0.549202
                  0.000000 -0.000000 -0.000000 -0.000000 -0.000000  0.000000  0.000000  0.000000

       88.435055 -0.747198  0.057176  0.591857 -0.212960 -0.119493  0.132102  0.099279  0.034553
                 -0.000000 -0.000000  0.000000 -0.000000 -0.000000  0.000000  0.000000  0.000000

       88.435055  0.034553 -0.099279  0.132102  0.119493 -0.212960 -0.591857  0.057176  0.747198
                  0.000000  0.000000  0.000000  0.000000 -0.000000 -0.000000  0.000000  0.000000

      115.039297 -0.130758 -0.966824 -0.022749  0.051570 -0.022866 -0.078135 -0.037744 -0.192158
                 -0.000000 -0.000000  0.000000 -0.000000 -0.000000  0.000000 -0.000000  0.000000

      115.039297 -0.192158  0.037744 -0.078135  0.022866  0.051570  0.022749 -0.966824  0.130758
                 -0.000000  0.000000 -0.000000  0.000000  0.000000  0.000000 -0.000000  0.000000


Eigenvalues (meV ) and eigenvectors (modulus square)

                     -3.50     -2.50     -1.50     -0.50      0.50      1.50      2.50      3.50

        0.000000  0.077504  0.007144  0.002462  0.893514  0.000522  0.010489  0.006992  0.001373

        0.000000  0.001373  0.006992  0.010489  0.000522  0.893514  0.002462  0.007144  0.077504

       69.120413  0.301623  0.005002  0.589114  0.042106  0.001045  0.023566  0.031564  0.005980

       69.120413  0.005980  0.031564  0.023566  0.001045  0.042106  0.589114  0.005002  0.301623

       88.435055  0.558304  0.003269  0.350295  0.045352  0.014279  0.017451  0.009856  0.001194

       88.435055  0.001194  0.009856  0.017451  0.014279  0.045352  0.350295  0.003269  0.558304

      115.039297  0.017098  0.934748  0.000518  0.002659  0.000523  0.006105  0.001425  0.036925

      115.039297  0.036925  0.001425  0.006105  0.000523  0.002659  0.000518  0.934748  0.017098

