******************************************************
**  output file generated by SIMPRE version 1.1  **
******************************************************

 ____________________________________________________

 .######..####.##.....##.########..########..########
 ##....##..##..###...###.##.....##.##.....##.##......
 ##........##..####.####.##.....##.##.....##.##......
 .######...##..##.###.##.########..########..######..
 ......##..##..##.....##.##........##...##...##......
 ##....##..##..##.....##.##........##....##..##......
 .######..####.##.....##.##........##.....##.########
 ____________________________________________________

 ****************************************************

               ion:      Tb(III)
 number of charges:            8
                 g:        1.500
             units:         meV 

 stv           2           4           6
     -0.01010101  0.00012244 -0.00000112

 <r>k          2           4           6
      0.89300000  2.16300000 11.75000000

 shi           2           4           6
      0.52300000 -0.01070000 -0.03180000


  input coordinates

  cartesian (Å)
         x            y            z            Z  
    0.0000000    0.0000000    1.7700000    0.6000000
    0.0000000    0.0000000   -1.7700000    0.6000000
    0.8606099    1.3772637    0.2282439    0.3000000
    0.8606099   -1.3772637    0.2282439    0.3000000
   -0.8606099    1.3772637   -0.2282439    0.3000000
   -0.8606099   -1.3772637   -0.2282439    0.3000000
    1.3984270    0.0000000   -0.2465804    0.1400000
   -1.3984270    0.0000000    0.2465804    0.1400000

  spherical (rad)
         r          theta         phi           Z  
    1.7700000    0.0000000    0.0000000    0.6000000
    1.7700000    3.1415927    0.0000000    0.6000000
    1.6400000    1.4311700    1.0122910    0.3000000
    1.6400000    1.4311700    5.2708943    0.3000000
    1.6400000    1.7104227    2.1293017    0.3000000
    1.6400000    1.7104227    4.1538836    0.3000000
    1.4200000    1.7453293    0.0000000    0.1400000
    1.4200000    1.3962634    3.1415927    0.1400000


 ****************************************************
     Stevens Crystal Field Parameters (meV )
 ****************************************************

   k   q         Akq <rk>             Bkq            
 ----------------------------------------------------

   2   0       37.62342725       -0.38003462   
   2   1      -16.20867180        0.16372396   
   2  -1        0.00000000        0.00000000   
   2   2      -28.47995121        0.28767627   
   2  -2        0.00000000        0.00000000   
   4   0       34.78119345        0.00425849   
   4   1       -3.03926295       -0.00037212   
   4  -1        0.00000000        0.00000000   
   4   2        0.37000672        0.00004530   
   4  -2        0.00000000        0.00000000   
   4   3      233.69295853        0.02861254   
   4  -3        0.00000000        0.00000000   
   4   4      -19.26143034       -0.00235830   
   4  -4        0.00000000        0.00000000   
   6   0        2.78510879       -0.00000312   
   6   1        6.03383817       -0.00000677   
   6  -1        0.00000000        0.00000000   
   6   2        0.49918239       -0.00000056   
   6  -2        0.00000000        0.00000000   
   6   3      -77.77099344        0.00008720   
   6  -3        0.00000000        0.00000000   
   6   4        2.26640244       -0.00000254   
   6  -4        0.00000000        0.00000000   
   6   5       44.91367382       -0.00005036   
   6  -5        0.00000000        0.00000000   
   6   6       97.94443823       -0.00010982   
   6  -6        0.00000000        0.00000000   

Eigenvalues (meV ) and eigenvectors

                     -6.00     -5.00     -4.00     -3.00     -2.00     -1.00      0.00      1.00      2.00      3.00      4.00      5.00      6.00

        0.000000  0.019467 -0.636131 -0.270221  0.088999 -0.112786 -0.031629  0.024354  0.031629 -0.112786 -0.088999 -0.270221  0.636131  0.019467
                 -0.000000  0.000000  0.000000 -0.000000  0.000000  0.000000 -0.000000  0.000000  0.000000  0.000000  0.000000 -0.000000  0.000000

        0.080699  0.024195 -0.655518 -0.206632  0.129415 -0.080635 -0.061350 -0.000000 -0.061350  0.080635  0.129415  0.206632 -0.655518 -0.024195
                 -0.000000  0.000000  0.000000 -0.000000  0.000000  0.000000 -0.000000  0.000000 -0.000000 -0.000000  0.000000  0.000000  0.000000

        1.831602 -0.046909 -0.182448  0.660723  0.069270 -0.145859  0.043400  0.000000  0.043400  0.145859  0.069270 -0.660723 -0.182448  0.046909
                 -0.000000 -0.000000  0.000000  0.000000 -0.000000  0.000000 -0.000000  0.000000  0.000000  0.000000 -0.000000  0.000000  0.000000

        2.957388  0.050104  0.253916 -0.643271 -0.056787  0.089444 -0.080340 -0.055483  0.080340  0.089444  0.056787 -0.643271 -0.253916  0.050104
                  0.000000  0.000000 -0.000000 -0.000000  0.000000 -0.000000 -0.000000  0.000000  0.000000  0.000000 -0.000000 -0.000000  0.000000

       14.854652  0.313875  0.125548  0.008764  0.616755  0.065152 -0.031818  0.000000 -0.031818 -0.065152  0.616755 -0.008764  0.125548 -0.313875
                  0.000000  0.000000 -0.000000  0.000000  0.000000  0.000000 -0.000000 -0.000000  0.000000  0.000000 -0.000000 -0.000000  0.000000

       18.270826  0.378252  0.080159  0.026278  0.575452  0.045406 -0.110071  0.094740  0.110071  0.045406 -0.575452  0.026278 -0.080159  0.378252
                  0.000000  0.000000 -0.000000  0.000000  0.000000 -0.000000  0.000000  0.000000 -0.000000 -0.000000  0.000000  0.000000  0.000000

       34.553373 -0.631130  0.047309 -0.048607  0.304493  0.060088 -0.027341  0.000000 -0.027341 -0.060088  0.304493  0.048607  0.047309  0.631130
                 -0.000000  0.000000  0.000000 -0.000000  0.000000  0.000000 -0.000000 -0.000000  0.000000  0.000000  0.000000  0.000000  0.000000

       35.487308  0.592266 -0.043211  0.036502 -0.354428 -0.058960  0.129790 -0.012705 -0.129790 -0.058960  0.354428  0.036502  0.043211  0.592266
                  0.000000 -0.000000 -0.000000  0.000000 -0.000000 -0.000000 -0.000000 -0.000000  0.000000  0.000000  0.000000  0.000000  0.000000

       42.106863  0.029095 -0.146502  0.048150 -0.026242  0.659633  0.019204 -0.279996 -0.019204  0.659633  0.026242  0.048150  0.146502  0.029095
                 -0.000000 -0.000000  0.000000  0.000000 -0.000000  0.000000  0.000000  0.000000 -0.000000 -0.000000 -0.000000 -0.000000  0.000000

       49.168342 -0.017651  0.136326 -0.111989  0.049468 -0.676350 -0.093088 -0.000000 -0.093088  0.676350  0.049468  0.111989  0.136326  0.017651
                  0.000000 -0.000000  0.000000 -0.000000  0.000000  0.000000 -0.000000  0.000000 -0.000000 -0.000000 -0.000000 -0.000000  0.000000

       59.041561 -0.046913  0.024196 -0.093499  0.152886  0.019145  0.678902  0.087448 -0.678902  0.019145 -0.152886 -0.093499 -0.024196 -0.046913
                 -0.000000  0.000000 -0.000000  0.000000  0.000000  0.000000  0.000000 -0.000000  0.000000 -0.000000 -0.000000 -0.000000  0.000000

       69.740020  0.007751  0.020584  0.075940 -0.053888  0.083176 -0.695649  0.000000 -0.695649 -0.083176 -0.053888 -0.075940  0.020584 -0.007751
                  0.000000  0.000000  0.000000 -0.000000  0.000000 -0.000000 -0.000000 -0.000000 -0.000000 -0.000000 -0.000000  0.000000  0.000000

       72.401521 -0.014491 -0.022858 -0.009983 -0.089601  0.195599 -0.048038  0.949287  0.048038  0.195599  0.089601 -0.009983  0.022858 -0.014491
                 -0.000000 -0.000000 -0.000000 -0.000000  0.000000  0.000000  0.000000  0.000000  0.000000  0.000000  0.000000 -0.000000 -0.000000


Eigenvalues (meV ) and eigenvectors (modulus square)

                     -6.00     -5.00     -4.00     -3.00     -2.00     -1.00      0.00      1.00      2.00      3.00      4.00      5.00      6.00

        0.000000  0.000379  0.404663  0.073019  0.007921  0.012721  0.001000  0.000593  0.001000  0.012721  0.007921  0.073019  0.404663  0.000379

        0.080699  0.000585  0.429704  0.042697  0.016748  0.006502  0.003764  0.000000  0.003764  0.006502  0.016748  0.042697  0.429704  0.000585

        1.831602  0.002200  0.033287  0.436556  0.004798  0.021275  0.001884  0.000000  0.001884  0.021275  0.004798  0.436556  0.033287  0.002200

        2.957388  0.002510  0.064474  0.413797  0.003225  0.008000  0.006455  0.003078  0.006455  0.008000  0.003225  0.413797  0.064474  0.002510

       14.854652  0.098518  0.015762  0.000077  0.380386  0.004245  0.001012  0.000000  0.001012  0.004245  0.380386  0.000077  0.015762  0.098518

       18.270826  0.143074  0.006425  0.000691  0.331144  0.002062  0.012116  0.008976  0.012116  0.002062  0.331144  0.000691  0.006425  0.143074

       34.553373  0.398325  0.002238  0.002363  0.092716  0.003611  0.000748  0.000000  0.000748  0.003611  0.092716  0.002363  0.002238  0.398325

       35.487308  0.350779  0.001867  0.001332  0.125619  0.003476  0.016845  0.000161  0.016845  0.003476  0.125619  0.001332  0.001867  0.350779

       42.106863  0.000847  0.021463  0.002318  0.000689  0.435116  0.000369  0.078398  0.000369  0.435116  0.000689  0.002318  0.021463  0.000847

       49.168342  0.000312  0.018585  0.012542  0.002447  0.457450  0.008665  0.000000  0.008665  0.457450  0.002447  0.012542  0.018585  0.000312

       59.041561  0.002201  0.000585  0.008742  0.023374  0.000367  0.460908  0.007647  0.460908  0.000367  0.023374  0.008742  0.000585  0.002201

       69.740020  0.000060  0.000424  0.005767  0.002904  0.006918  0.483927  0.000000  0.483927  0.006918  0.002904  0.005767  0.000424  0.000060

       72.401521  0.000210  0.000522  0.000100  0.008028  0.038259  0.002308  0.901146  0.002308  0.038259  0.008028  0.000100  0.000522  0.000210

