******************************************************
**  output file generated by SIMPRE version 1.1  **
******************************************************

 ____________________________________________________

 .######..####.##.....##.########..########..########
 ##....##..##..###...###.##.....##.##.....##.##......
 ##........##..####.####.##.....##.##.....##.##......
 .######...##..##.###.##.########..########..######..
 ......##..##..##.....##.##........##...##...##......
 ##....##..##..##.....##.##........##....##..##......
 .######..####.##.....##.##........##.....##.########
 ____________________________________________________

 ****************************************************

               ion:      Ho(III)
 number of charges:            8
                 g:        1.250
             units:         meV 

 stv           2           4           6
     -0.00222222 -0.00003330 -0.00000129

 <r>k          2           4           6
      0.81000000  1.81600000  9.34500000

 shi           2           4           6
      0.53400000 -0.03060000 -0.03130000


  input coordinates

  cartesian (Å)
         x            y            z            Z  
    0.0000000    0.0000000    1.6390277    0.5016700
    0.0000000    0.0000000   -1.6390277    0.5016700
    0.8950903    1.2742322    0.2475660    0.3032931
    0.8950903   -1.2742322    0.2475660    0.3032931
   -0.8950903    1.2742322   -0.2475660    0.3032931
   -0.8950903   -1.2742322   -0.2475660    0.3032931
    1.3699497    0.0000000   -0.2562586    0.1238117
   -1.3699497    0.0000000    0.2562586    0.1238117

  spherical (rad)
         r          theta         phi           Z  
    1.6390277    0.0000000    0.0000000    0.5016700
    1.6390277    3.1415927    0.0000000    0.5016700
    1.5767509    1.4131338    0.9584249    0.3032931
    1.5767509    1.4131338    5.3247605    0.3032931
    1.5767509    1.7284589    2.1831678    0.3032931
    1.5767509    1.7284589    4.1000175    0.3032931
    1.3937111    1.7557162    0.0000000    0.1238117
    1.3937111    1.3858764    3.1415927    0.1238117


 ****************************************************
     Stevens Crystal Field Parameters (meV )
 ****************************************************

   k   q         Akq <rk>             Bkq            
 ----------------------------------------------------

   2   0       33.08827832       -0.07352951   
   2   1      -50.46936308        0.11215414   
   2  -1        0.00000000        0.00000000   
   2   2      -15.99010679        0.03553357   
   2  -2        0.00000000        0.00000000   
   4   0       34.93605634       -0.00116337   
   4   1       10.37259877       -0.00034541   
   4  -1        0.00000000        0.00000000   
   4   2       -0.43283691        0.00001441   
   4  -2        0.00000000        0.00000000   
   4   3      243.95712138       -0.00812378   
   4  -3        0.00000000        0.00000000   
   4   4      -54.56404635        0.00181698   
   4  -4        0.00000000        0.00000000   
   6   0        3.94458744       -0.00000510   
   6   1       -1.47423444        0.00000191   
   6  -1        0.00000000        0.00000000   
   6   2        0.31649663       -0.00000041   
   6  -2        0.00000000        0.00000000   
   6   3      -77.64749002        0.00010045   
   6  -3        0.00000000        0.00000000   
   6   4        9.38351205       -0.00001214   
   6  -4        0.00000000        0.00000000   
   6   5       57.77680502       -0.00007475   
   6  -5        0.00000000        0.00000000   
   6   6       85.08910978       -0.00011008   
   6  -6        0.00000000        0.00000000   

Eigenvalues (meV ) and eigenvectors

                     -8.00     -7.00     -6.00     -5.00     -4.00     -3.00     -2.00     -1.00      0.00      1.00      2.00      3.00      4.00      5.00      6.00      7.00      8.00

        0.000000  0.690321  0.004290 -0.000506  0.119735  0.051349 -0.019671  0.032439 -0.068984 -0.023128  0.068984  0.032439  0.019671  0.051349 -0.119735 -0.000506 -0.004290  0.690321
                  0.000000  0.000000  0.000000  0.000000  0.000000 -0.000000  0.000000 -0.000000 -0.000000  0.000000  0.000000 -0.000000  0.000000 -0.000000 -0.000000 -0.000000  0.000000

        0.136055  0.693007  0.015737  0.001966  0.107412 -0.009939 -0.066621  0.031209  0.049411  0.000000  0.049411 -0.031209 -0.066621  0.009939  0.107412 -0.001966  0.015737 -0.693007
                  0.000000  0.000000  0.000000  0.000000  0.000000 -0.000000  0.000000  0.000000  0.000000  0.000000 -0.000000 -0.000000  0.000000  0.000000  0.000000  0.000000 -0.000000

       16.446594  0.022239  0.046843  0.011384  0.133994  0.410414  0.039832 -0.537391 -0.142868 -0.000000 -0.142868  0.537391  0.039832 -0.410414  0.133994 -0.011384  0.046843 -0.022239
                 -0.000000  0.000000 -0.000000  0.000000  0.000000  0.000000 -0.000000  0.000000 -0.000000 -0.000000 -0.000000 -0.000000  0.000000 -0.000000 -0.000000 -0.000000  0.000000

       16.949021 -0.095465  0.055429  0.042924  0.147896 -0.105706 -0.545902 -0.176106  0.351998  0.000000  0.351998  0.176106 -0.545902  0.105706  0.147896 -0.042924  0.055429  0.095465
                 -0.000000  0.000000  0.000000  0.000000 -0.000000 -0.000000 -0.000000  0.000000 -0.000000  0.000000  0.000000 -0.000000  0.000000 -0.000000 -0.000000  0.000000  0.000000

       20.249713 -0.025650  0.013002 -0.219234 -0.045433  0.275361  0.253780  0.247984  0.033717 -0.701689 -0.033717  0.247984 -0.253780  0.275361  0.045433 -0.219234 -0.013002 -0.025650
                 -0.000000  0.000000 -0.000000 -0.000000  0.000000  0.000000  0.000000  0.000000 -0.000000 -0.000000  0.000000 -0.000000  0.000000  0.000000 -0.000000  0.000000  0.000000

       20.849880  0.118138  0.096446 -0.023736 -0.317554 -0.169803  0.040466  0.165356  0.557352  0.117332 -0.557352  0.165356 -0.040466 -0.169803  0.317554 -0.023736 -0.096446  0.118138
                  0.000000  0.000000 -0.000000 -0.000000 -0.000000  0.000000  0.000000  0.000000  0.000000 -0.000000  0.000000  0.000000 -0.000000  0.000000 -0.000000 -0.000000  0.000000

       31.720665 -0.023539  0.126775 -0.080060  0.226959 -0.159317  0.432164 -0.141546  0.439626 -0.000000  0.439626  0.141546  0.432164  0.159317  0.226959  0.080060  0.126775  0.023539
                 -0.000000  0.000000  0.000000 -0.000000  0.000000  0.000000  0.000000  0.000000  0.000000  0.000000  0.000000  0.000000  0.000000  0.000000  0.000000 -0.000000  0.000000

       32.046732 -0.033085 -0.023684  0.147782 -0.138492  0.370158 -0.154962  0.446474 -0.113123  0.410265  0.113123  0.446474  0.154962  0.370158  0.138492  0.147782  0.023684 -0.033085
                 -0.000000  0.000000  0.000000 -0.000000  0.000000  0.000000  0.000000  0.000000  0.000000  0.000000  0.000000  0.000000  0.000000  0.000000  0.000000  0.000000  0.000000

       53.178092  0.023408 -0.626570 -0.092277 -0.103784 -0.235933 -0.016171  0.159166 -0.072769 -0.045191  0.072769  0.159166  0.016171 -0.235933  0.103784 -0.092277  0.626570  0.023408
                  0.000000 -0.000000 -0.000000 -0.000000 -0.000000 -0.000000  0.000000 -0.000000 -0.000000  0.000000  0.000000  0.000000 -0.000000  0.000000 -0.000000  0.000000  0.000000

       54.836826 -0.009585 -0.640196 -0.019705  0.214932 -0.164857  0.027275 -0.112738 -0.053301  0.000000 -0.053301  0.112738  0.027275  0.164857  0.214932  0.019705 -0.640196  0.009585
                  0.000000  0.000000  0.000000 -0.000000  0.000000  0.000000  0.000000  0.000000  0.000000  0.000000 -0.000000 -0.000000 -0.000000 -0.000000  0.000000  0.000000  0.000000

       64.038546 -0.032079  0.099682  0.625696  0.254112 -0.105939  0.057519  0.041686 -0.129217 -0.000000 -0.129217 -0.041686  0.057519  0.105939  0.254112 -0.625696  0.099682  0.032079
                 -0.000000 -0.000000  0.000000  0.000000 -0.000000  0.000000 -0.000000 -0.000000  0.000000 -0.000000 -0.000000 -0.000000 -0.000000 -0.000000  0.000000  0.000000  0.000000

       66.389142  0.085122  0.021016  0.121329 -0.431333 -0.382967  0.039496 -0.374568 -0.054940  0.000000 -0.054940  0.374568  0.039496  0.382967 -0.431333 -0.121329  0.021016 -0.085122
                  0.000000  0.000000 -0.000000 -0.000000 -0.000000 -0.000000 -0.000000 -0.000000 -0.000000 -0.000000  0.000000  0.000000  0.000000  0.000000 -0.000000 -0.000000  0.000000

       66.777881 -0.009095  0.093716 -0.349881 -0.067025 -0.018471 -0.585428  0.003216 -0.009857 -0.205186  0.009857  0.003216  0.585428 -0.018471  0.067025 -0.349881 -0.093716 -0.009095
                  0.000000 -0.000000  0.000000  0.000000 -0.000000  0.000000 -0.000000  0.000000  0.000000 -0.000000  0.000000 -0.000000  0.000000 -0.000000  0.000000  0.000000  0.000000

       71.556942 -0.077256 -0.045920  0.198850  0.526260 -0.082830 -0.156467  0.246929  0.263056 -0.166833 -0.263056  0.246929  0.156467 -0.082830 -0.526260  0.198850  0.045920 -0.077256
                 -0.000000 -0.000000  0.000000  0.000000  0.000000 -0.000000  0.000000  0.000000 -0.000000 -0.000000  0.000000  0.000000 -0.000000 -0.000000 -0.000000 -0.000000  0.000000

       71.931528  0.000439  0.280813  0.127279 -0.102176 -0.429693  0.032345  0.312437 -0.308635 -0.178601  0.308635  0.312437 -0.032345 -0.429693  0.102176  0.127279 -0.280813  0.000439
                 -0.000000 -0.000000 -0.000000  0.000000  0.000000 -0.000000 -0.000000  0.000000  0.000000 -0.000000 -0.000000  0.000000  0.000000 -0.000000 -0.000000  0.000000  0.000000

       74.561754  0.034820 -0.241214  0.291565 -0.316714  0.331423  0.059899  0.066622  0.370698 -0.000000  0.370698 -0.066622  0.059899 -0.331423 -0.316714 -0.291565 -0.241214 -0.034820
                 -0.000000 -0.000000  0.000000  0.000000  0.000000  0.000000 -0.000000  0.000000  0.000000 -0.000000 -0.000000 -0.000000  0.000000 -0.000000  0.000000  0.000000  0.000000

       75.505848  0.033894 -0.087249  0.492809 -0.246831  0.090480 -0.202588 -0.163814  0.028641 -0.470253 -0.028641 -0.163814  0.202588  0.090480  0.246831  0.492809  0.087249  0.033894
                  0.000000 -0.000000  0.000000 -0.000000 -0.000000 -0.000000 -0.000000 -0.000000 -0.000000 -0.000000  0.000000  0.000000  0.000000  0.000000  0.000000  0.000000  0.000000


Eigenvalues (meV ) and eigenvectors (modulus square)

                     -8.00     -7.00     -6.00     -5.00     -4.00     -3.00     -2.00     -1.00      0.00      1.00      2.00      3.00      4.00      5.00      6.00      7.00      8.00

        0.000000  0.476543  0.000018  0.000000  0.014336  0.002637  0.000387  0.001052  0.004759  0.000535  0.004759  0.001052  0.000387  0.002637  0.014336  0.000000  0.000018  0.476543

        0.136055  0.480259  0.000248  0.000004  0.011537  0.000099  0.004438  0.000974  0.002441  0.000000  0.002441  0.000974  0.004438  0.000099  0.011537  0.000004  0.000248  0.480259

       16.446594  0.000495  0.002194  0.000130  0.017954  0.168440  0.001587  0.288790  0.020411  0.000000  0.020411  0.288790  0.001587  0.168440  0.017954  0.000130  0.002194  0.000495

       16.949021  0.009114  0.003072  0.001842  0.021873  0.011174  0.298009  0.031013  0.123903  0.000000  0.123903  0.031013  0.298009  0.011174  0.021873  0.001842  0.003072  0.009114

       20.249713  0.000658  0.000169  0.048064  0.002064  0.075824  0.064404  0.061496  0.001137  0.492368  0.001137  0.061496  0.064404  0.075824  0.002064  0.048064  0.000169  0.000658

       20.849880  0.013957  0.009302  0.000563  0.100841  0.028833  0.001637  0.027343  0.310641  0.013767  0.310641  0.027343  0.001637  0.028833  0.100841  0.000563  0.009302  0.013957

       31.720665  0.000554  0.016072  0.006410  0.051510  0.025382  0.186766  0.020035  0.193271  0.000000  0.193271  0.020035  0.186766  0.025382  0.051510  0.006410  0.016072  0.000554

       32.046732  0.001095  0.000561  0.021839  0.019180  0.137017  0.024013  0.199339  0.012797  0.168318  0.012797  0.199339  0.024013  0.137017  0.019180  0.021839  0.000561  0.001095

       53.178092  0.000548  0.392590  0.008515  0.010771  0.055664  0.000262  0.025334  0.005295  0.002042  0.005295  0.025334  0.000262  0.055664  0.010771  0.008515  0.392590  0.000548

       54.836826  0.000092  0.409851  0.000388  0.046196  0.027178  0.000744  0.012710  0.002841  0.000000  0.002841  0.012710  0.000744  0.027178  0.046196  0.000388  0.409851  0.000092

       64.038546  0.001029  0.009937  0.391495  0.064573  0.011223  0.003308  0.001738  0.016697  0.000000  0.016697  0.001738  0.003308  0.011223  0.064573  0.391495  0.009937  0.001029

       66.389142  0.007246  0.000442  0.014721  0.186048  0.146664  0.001560  0.140302  0.003018  0.000000  0.003018  0.140302  0.001560  0.146664  0.186048  0.014721  0.000442  0.007246

       66.777881  0.000083  0.008783  0.122416  0.004492  0.000341  0.342726  0.000010  0.000097  0.042101  0.000097  0.000010  0.342726  0.000341  0.004492  0.122416  0.008783  0.000083

       71.556942  0.005968  0.002109  0.039541  0.276950  0.006861  0.024482  0.060974  0.069198  0.027833  0.069198  0.060974  0.024482  0.006861  0.276950  0.039541  0.002109  0.005968

       71.931528  0.000000  0.078856  0.016200  0.010440  0.184636  0.001046  0.097617  0.095255  0.031898  0.095255  0.097617  0.001046  0.184636  0.010440  0.016200  0.078856  0.000000

       74.561754  0.001212  0.058184  0.085010  0.100308  0.109841  0.003588  0.004439  0.137417  0.000000  0.137417  0.004439  0.003588  0.109841  0.100308  0.085010  0.058184  0.001212

       75.505848  0.001149  0.007612  0.242860  0.060926  0.008187  0.041042  0.026835  0.000820  0.221138  0.000820  0.026835  0.041042  0.008187  0.060926  0.242860  0.007612  0.001149

