******************************************************
**  output file generated by SIMPRE version 1.1  **
******************************************************

 ____________________________________________________

 .######..####.##.....##.########..########..########
 ##....##..##..###...###.##.....##.##.....##.##......
 ##........##..####.####.##.....##.##.....##.##......
 .######...##..##.###.##.########..########..######..
 ......##..##..##.....##.##........##...##...##......
 ##....##..##..##.....##.##........##....##..##......
 .######..####.##.....##.##........##.....##.########
 ____________________________________________________

 ****************************************************

               ion:      Yb(III)
 number of charges:            6
                 g:        1.143
             units:         meV 

 stv           2           4           6
      0.03174603 -0.00173160  0.00014800

 <r>k          2           4           6
      0.57100000  1.44800000  7.00300000

 shi           2           4           6
      0.57100000 -0.07250000 -0.03000000


  input coordinates

  cartesian (Å)
         x            y            z            Z  
    0.6038428    1.0458864    0.7842802    0.3000000
   -1.2076856    0.0000000    0.7842802    0.3000000
    0.6038428   -1.0458864    0.7842802    0.3000000
    1.2076856    0.0000000   -0.7842802    0.3000000
   -0.6038428    1.0458864   -0.7842802    0.3000000
   -0.6038428   -1.0458864   -0.7842802    0.3000000

  spherical (rad)
         r          theta         phi           Z  
    1.4400000    0.9948377    1.0471976    0.3000000
    1.4400000    0.9948377    3.1415927    0.3000000
    1.4400000    0.9948377    5.2359878    0.3000000
    1.4400000    2.1467550    0.0000000    0.3000000
    1.4400000    2.1467550    2.0943951    0.3000000
    1.4400000    2.1467550    4.1887902    0.3000000


 ****************************************************
     Stevens Crystal Field Parameters (meV )
 ****************************************************

   k   q         Akq <rk>             Bkq            
 ----------------------------------------------------

   2   0      -16.39001752       -0.52031802   
   4   0      -22.45648525        0.03888569   
   4   3      716.54478996       -1.24077020   
   4  -3        0.00000000        0.00000000   
   6   0        5.56899583        0.00082421   
   6   3       22.15889419        0.00327952   
   6  -3        0.00000000        0.00000000   
   6   6       50.20021519        0.00742964   
   6  -6        0.00000000        0.00000000   

Eigenvalues (meV ) and eigenvectors

                     -3.50     -2.50     -1.50     -0.50      0.50      1.50      2.50      3.50

        0.000000  0.000001 -0.774590 -0.000000 -0.000001  0.501754  0.000000 -0.000002  0.385038
                 -0.000000 -0.000000 -0.000000  0.000000  0.000000 -0.000000  0.000000  0.000000

        0.000000 -0.385038 -0.000002  0.000000  0.501754  0.000001  0.000000  0.774590  0.000001
                  0.000000 -0.000000  0.000000 -0.000000  0.000000 -0.000000 -0.000000  0.000000

       55.619472 -0.734432 -0.000003  0.000000  0.341675 -0.000002 -0.000000 -0.586402 -0.000003
                 -0.000000 -0.000000  0.000000  0.000000 -0.000000 -0.000000 -0.000000  0.000000

       55.619472 -0.000003  0.586402  0.000000  0.000002  0.341675 -0.000000 -0.000003  0.734432
                 -0.000000  0.000000  0.000000  0.000000  0.000000  0.000000 -0.000000  0.000000

       70.395370  0.000000 -0.000000  1.000000 -0.000000 -0.000000  0.000003  0.000000  0.000000
                 -0.000000 -0.000000 -0.000000  0.000000 -0.000000 -0.000000 -0.000000  0.000000

       70.395370 -0.000000 -0.000000 -0.000003 -0.000000 -0.000000  1.000000  0.000000  0.000000
                  0.000000 -0.000000  0.000000 -0.000000 -0.000000 -0.000000  0.000000  0.000000

      127.446619  0.558887 -0.000000  0.000000  0.794671 -0.000002  0.000000 -0.236946  0.000001
                  0.000000 -0.000000 -0.000000  0.000000 -0.000000 -0.000000 -0.000000  0.000000

      127.446619  0.000001  0.236946  0.000000  0.000002  0.794671  0.000000 -0.000000 -0.558887
                  0.000000  0.000000 -0.000000  0.000000  0.000000 -0.000000 -0.000000  0.000000


Eigenvalues (meV ) and eigenvectors (modulus square)

                     -3.50     -2.50     -1.50     -0.50      0.50      1.50      2.50      3.50

        0.000000  0.000000  0.599989  0.000000  0.000000  0.251757  0.000000  0.000000  0.148254

        0.000000  0.148254  0.000000  0.000000  0.251757  0.000000  0.000000  0.599989  0.000000

       55.619472  0.539391  0.000000  0.000000  0.116742  0.000000  0.000000  0.343867  0.000000

       55.619472  0.000000  0.343867  0.000000  0.000000  0.116742  0.000000  0.000000  0.539391

       70.395370  0.000000  0.000000  1.000000  0.000000  0.000000  0.000000  0.000000  0.000000

       70.395370  0.000000  0.000000  0.000000  0.000000  0.000000  1.000000  0.000000  0.000000

      127.446619  0.312355  0.000000  0.000000  0.631502  0.000000  0.000000  0.056144  0.000000

      127.446619  0.000000  0.056144  0.000000  0.000000  0.631502  0.000000  0.000000  0.312355

