******************************************************
**  output file generated by SIMPRE version 1.1  **
******************************************************

 ____________________________________________________

 .######..####.##.....##.########..########..########
 ##....##..##..###...###.##.....##.##.....##.##......
 ##........##..####.####.##.....##.##.....##.##......
 .######...##..##.###.##.########..########..######..
 ......##..##..##.....##.##........##...##...##......
 ##....##..##..##.....##.##........##....##..##......
 .######..####.##.....##.##........##.....##.########
 ____________________________________________________

 ****************************************************

               ion:      Tm(III)
 number of charges:            6
                 g:        1.167
             units:         meV 

 stv           2           4           6
      0.01010101  0.00016325 -0.00000561

 <r>k          2           4           6
      0.74000000  1.55500000  7.65900000

 shi           2           4           6
      0.55400000 -0.05670000 -0.03060000


  input coordinates

  cartesian (Å)
         x            y            z            Z  
    0.6928203    1.2000000    0.8000000    0.5000000
   -1.3856406    0.0000000    0.8000000    0.5000000
    0.6928203   -1.2000000    0.8000000    0.5000000
    1.3856406    0.0000000   -0.8000000    0.5000000
   -0.6928203    1.2000000   -0.8000000    0.5000000
   -0.6928203   -1.2000000   -0.8000000    0.5000000

  spherical (rad)
         r          theta         phi           Z  
    1.6000000    1.0471976    1.0471976    0.5000000
    1.6000000    1.0471976    3.1415927    0.5000000
    1.6000000    1.0471976    5.2359878    0.5000000
    1.6000000    2.0943951    0.0000000    0.5000000
    1.6000000    2.0943951    2.0943951    0.5000000
    1.6000000    2.0943951    4.1887902    0.5000000


 ****************************************************
     Stevens Crystal Field Parameters (meV )
 ****************************************************

   k   q         Akq <rk>             Bkq            
 ----------------------------------------------------

   2   0      -60.92029262       -0.61535649   
   4   0      -19.18057472       -0.00313120   
   4   3      754.22305795        0.12312589   
   4  -3        0.00000000        0.00000000   
   6   0        5.63521348       -0.00003159   
   6   3      -18.57734113        0.00010415   
   6  -3        0.00000000        0.00000000   
   6   6       53.09188286       -0.00029764   
   6  -6        0.00000000        0.00000000   

Eigenvalues (meV ) and eigenvectors

                     -6.00     -5.00     -4.00     -3.00     -2.00     -1.00      0.00      1.00      2.00      3.00      4.00      5.00      6.00

        0.000000 -0.661703  0.000000  0.000000 -0.226509 -0.000000 -0.000000 -0.147266  0.000000  0.000000  0.226509 -0.000000 -0.000000 -0.661703
                 -0.000000  0.000000 -0.000000 -0.000000 -0.000000  0.000000 -0.000000  0.000000 -0.000000  0.000000 -0.000000  0.000000  0.000000

        0.168480 -0.664686  0.000000  0.000000 -0.241232 -0.000000 -0.000000  0.000000  0.000000  0.000000 -0.241232 -0.000000 -0.000000  0.664686
                 -0.000000  0.000000 -0.000000 -0.000000 -0.000000  0.000000 -0.000000  0.000000 -0.000000 -0.000000 -0.000000  0.000000 -0.000000

       46.518774 -0.000000 -0.714082  0.000000  0.000000 -0.654809  0.000000 -0.000000 -0.242134 -0.000000 -0.000000  0.051811  0.000000  0.000000
                  0.000000 -0.000000  0.000000 -0.000000 -0.000000  0.000000  0.000000 -0.000000 -0.000000  0.000000  0.000000  0.000000  0.000000

       46.518774  0.000000 -0.000000 -0.051811  0.000000 -0.000000 -0.242134  0.000000 -0.000000  0.654809 -0.000000  0.000000 -0.714082 -0.000000
                  0.000000  0.000000 -0.000000  0.000000  0.000000  0.000000  0.000000  0.000000 -0.000000  0.000000 -0.000000  0.000000  0.000000

       58.366107  0.000000  0.000000 -0.741914 -0.000000  0.000000 -0.637273 -0.000000 -0.000002 -0.180304  0.000000  0.000002  0.104582  0.000000
                 -0.000000 -0.000000 -0.000000  0.000000 -0.000000  0.000000 -0.000000  0.000000  0.000000 -0.000000 -0.000000 -0.000000  0.000000

       58.366107 -0.000000  0.104582  0.000002  0.000000  0.180304  0.000002  0.000000 -0.637273  0.000000 -0.000000  0.741914 -0.000000 -0.000000
                  0.000000 -0.000000 -0.000000  0.000000 -0.000000 -0.000000 -0.000000  0.000000 -0.000000 -0.000000 -0.000000  0.000000  0.000000

       71.211885  0.227760  0.000000  0.000000 -0.429175  0.000000 -0.000000 -0.726546 -0.000000  0.000000  0.429175  0.000000 -0.000000  0.227760
                  0.000000  0.000000  0.000000 -0.000000  0.000000 -0.000000 -0.000000  0.000000 -0.000000  0.000000 -0.000000  0.000000  0.000000

       84.331629 -0.241232 -0.000000 -0.000000  0.664686 -0.000000  0.000000 -0.000000  0.000000 -0.000000  0.664686  0.000000  0.000000  0.241232
                 -0.000000 -0.000000 -0.000000  0.000000 -0.000000 -0.000000  0.000000  0.000000  0.000000  0.000000 -0.000000 -0.000000  0.000000

      113.637948  0.000000 -0.634504 -0.000000 -0.000000  0.559493  0.000001 -0.000000  0.426634 -0.000001 -0.000000  0.319930 -0.000001 -0.000000
                  0.000000 -0.000000 -0.000000 -0.000000  0.000000  0.000000  0.000000  0.000000 -0.000000  0.000000  0.000000 -0.000000  0.000000

      113.637948  0.000000  0.000001 -0.319930 -0.000000 -0.000001  0.426634  0.000000 -0.000001 -0.559493  0.000000 -0.000000 -0.634504  0.000000
                  0.000000  0.000000 -0.000000 -0.000000 -0.000000  0.000000  0.000000 -0.000000 -0.000000  0.000000  0.000000  0.000000  0.000000

      124.754277  0.000000 -0.000000  0.586962 -0.000000  0.000000 -0.594338  0.000000 -0.000000 -0.475061  0.000000 -0.000000 -0.276686  0.000000
                  0.000000  0.000000  0.000000 -0.000000 -0.000000 -0.000000  0.000000  0.000000 -0.000000  0.000000  0.000000  0.000000  0.000000

      124.754277  0.000000 -0.276686 -0.000000 -0.000000  0.475061  0.000000  0.000000 -0.594338  0.000000  0.000000 -0.586962  0.000000  0.000000
                 -0.000000 -0.000000 -0.000000  0.000000  0.000000  0.000000 -0.000000 -0.000000  0.000000 -0.000000 -0.000000  0.000000  0.000000

      125.337265 -0.101366 -0.000000  0.000000  0.514298  0.000000 -0.000000 -0.671152 -0.000000 -0.000000 -0.514298 -0.000000 -0.000000 -0.101366
                 -0.000000 -0.000000  0.000000  0.000000  0.000000 -0.000000 -0.000000 -0.000000 -0.000000 -0.000000 -0.000000  0.000000  0.000000


Eigenvalues (meV ) and eigenvectors (modulus square)

                     -6.00     -5.00     -4.00     -3.00     -2.00     -1.00      0.00      1.00      2.00      3.00      4.00      5.00      6.00

        0.000000  0.437850  0.000000  0.000000  0.051306  0.000000  0.000000  0.021687  0.000000  0.000000  0.051306  0.000000  0.000000  0.437850

        0.168480  0.441807  0.000000  0.000000  0.058193  0.000000  0.000000  0.000000  0.000000  0.000000  0.058193  0.000000  0.000000  0.441807

       46.518774  0.000000  0.509912  0.000000  0.000000  0.428774  0.000000  0.000000  0.058629  0.000000  0.000000  0.002684  0.000000  0.000000

       46.518774  0.000000  0.000000  0.002684  0.000000  0.000000  0.058629  0.000000  0.000000  0.428774  0.000000  0.000000  0.509912  0.000000

       58.366107  0.000000  0.000000  0.550436  0.000000  0.000000  0.406117  0.000000  0.000000  0.032510  0.000000  0.000000  0.010937  0.000000

       58.366107  0.000000  0.010937  0.000000  0.000000  0.032510  0.000000  0.000000  0.406117  0.000000  0.000000  0.550436  0.000000  0.000000

       71.211885  0.051875  0.000000  0.000000  0.184191  0.000000  0.000000  0.527868  0.000000  0.000000  0.184191  0.000000  0.000000  0.051875

       84.331629  0.058193  0.000000  0.000000  0.441807  0.000000  0.000000  0.000000  0.000000  0.000000  0.441807  0.000000  0.000000  0.058193

      113.637948  0.000000  0.402595  0.000000  0.000000  0.313033  0.000000  0.000000  0.182017  0.000000  0.000000  0.102355  0.000000  0.000000

      113.637948  0.000000  0.000000  0.102355  0.000000  0.000000  0.182017  0.000000  0.000000  0.313033  0.000000  0.000000  0.402595  0.000000

      124.754277  0.000000  0.000000  0.344524  0.000000  0.000000  0.353238  0.000000  0.000000  0.225683  0.000000  0.000000  0.076555  0.000000

      124.754277  0.000000  0.076555  0.000000  0.000000  0.225683  0.000000  0.000000  0.353238  0.000000  0.000000  0.344524  0.000000  0.000000

      125.337265  0.010275  0.000000  0.000000  0.264503  0.000000  0.000000  0.450444  0.000000  0.000000  0.264503  0.000000  0.000000  0.010275

