******************************************************
**  output file generated by SIMPRE version 1.1  **
******************************************************

 ____________________________________________________

 .######..####.##.....##.########..########..########
 ##....##..##..###...###.##.....##.##.....##.##......
 ##........##..####.####.##.....##.##.....##.##......
 .######...##..##.###.##.########..########..######..
 ......##..##..##.....##.##........##...##...##......
 ##....##..##..##.....##.##........##....##..##......
 .######..####.##.....##.##........##.....##.########
 ____________________________________________________

 ****************************************************

               ion:      Er(III)
 number of charges:            8
                 g:        1.200
             units:         meV 

 stv           2           4           6
      0.00253968  0.00004440  0.00000207

 <r>k          2           4           6
      0.77300000  1.67700000  8.43100000

 shi           2           4           6
      0.54400000 -0.04270000 -0.03100000


  input coordinates

  cartesian (Å)
         x            y            z            Z  
    0.0000000    0.0000000    1.7500000    0.5000000
    0.0000000    0.0000000   -1.7500000    0.5000000
    0.7674578    1.3292758    0.2157183    0.3000000
    0.7674578   -1.3292758    0.2157183    0.3000000
   -0.7674578    1.3292758   -0.2157183    0.3000000
   -0.7674578   -1.3292758   -0.2157183    0.3000000
    1.4418925    0.0000000   -0.4134560    0.2000000
   -1.4418925    0.0000000    0.4134560    0.2000000

  spherical (rad)
         r          theta         phi           Z  
    1.7500000    0.0000000    0.0000000    0.5000000
    1.7500000    3.1415927    0.0000000    0.5000000
    1.5500000    1.4311700    1.0471976    0.3000000
    1.5500000    1.4311700    5.2359878    0.3000000
    1.5500000    1.7104227    2.0943951    0.3000000
    1.5500000    1.7104227    4.1887902    0.3000000
    1.5000000    1.8500490    0.0000000    0.2000000
    1.5000000    1.2915436    3.1415927    0.2000000


 ****************************************************
     Stevens Crystal Field Parameters (meV )
 ****************************************************

   k   q         Akq <rk>             Bkq            
 ----------------------------------------------------

   2   0       -7.76306194       -0.01971571   
   2   1       39.21595407        0.09959607   
   2  -1        0.00000000        0.00000000   
   2   2      -51.68820333       -0.13127163   
   2  -2        0.00000000        0.00000000   
   4   0       26.60067226        0.00118107   
   4   1       -9.83835037       -0.00043682   
   4  -1        0.00000000        0.00000000   
   4   2       21.01671519        0.00093314   
   4  -2        0.00000000        0.00000000   
   4   3      267.99188610        0.01189885   
   4  -3        0.00000000        0.00000000   
   4   4      -21.07393116       -0.00093568   
   4  -4        0.00000000        0.00000000   
   6   0        1.88654809        0.00000391   
   6   1        0.91119530        0.00000189   
   6  -1        0.00000000        0.00000000   
   6   2      -12.40026495       -0.00002567   
   6  -2        0.00000000        0.00000000   
   6   3      -75.37926904       -0.00015603   
   6  -3        0.00000000        0.00000000   
   6   4       12.06734381        0.00002498   
   6  -4        0.00000000        0.00000000   
   6   5       23.75967308        0.00004918   
   6  -5        0.00000000        0.00000000   
   6   6       88.18907069        0.00018255   
   6  -6        0.00000000        0.00000000   

Eigenvalues (meV ) and eigenvectors

                     -7.50     -6.50     -5.50     -4.50     -3.50     -2.50     -1.50     -0.50      0.50      1.50      2.50      3.50      4.50      5.50      6.50      7.50

        0.000000 -0.053339  0.226889 -0.221610  0.311552 -0.348008  0.033690  0.108271 -0.399351  0.269105 -0.325651  0.324005 -0.279666  0.183394  0.255539 -0.195557  0.084964
                 -0.000000  0.000000 -0.000000  0.000000 -0.000000  0.000000  0.000000 -0.000000  0.000000 -0.000000  0.000000 -0.000000 -0.000000  0.000000 -0.000000  0.000000

        0.000000  0.084964  0.195557  0.255539 -0.183394 -0.279666 -0.324005 -0.325651 -0.269105 -0.399351 -0.108271  0.033690  0.348008  0.311552  0.221610  0.226889  0.053339
                  0.000000  0.000000  0.000000 -0.000000 -0.000000 -0.000000 -0.000000 -0.000000 -0.000000  0.000000 -0.000000  0.000000  0.000000  0.000000  0.000000  0.000000

        6.187677  0.159708  0.025077 -0.075211 -0.693177 -0.295464  0.179443 -0.227581 -0.081363  0.153456  0.337167  0.249977 -0.224326 -0.016353 -0.104521 -0.217993 -0.032345
                  0.000000  0.000000  0.000000 -0.000000 -0.000000  0.000000 -0.000000 -0.000000 -0.000000  0.000000  0.000000  0.000000  0.000000 -0.000000  0.000000  0.000000

        6.187677  0.032345 -0.217993  0.104521 -0.016353  0.224326  0.249977 -0.337167  0.153456  0.081363 -0.227581 -0.179443 -0.295464  0.693177 -0.075211 -0.025077  0.159708
                  0.000000 -0.000000  0.000000 -0.000000  0.000000  0.000000 -0.000000  0.000000  0.000000 -0.000000 -0.000000 -0.000000  0.000000 -0.000000  0.000000  0.000000

        9.618572 -0.041511 -0.062286 -0.830618 -0.152415  0.155712 -0.347773 -0.122383  0.016976  0.108583 -0.006923 -0.133799  0.247383  0.168546  0.026645 -0.013405  0.023382
                 -0.000000  0.000000  0.000000  0.000000 -0.000000  0.000000  0.000000 -0.000000 -0.000000 -0.000000  0.000000 -0.000000 -0.000000 -0.000000  0.000000  0.000000

        9.618572 -0.023382 -0.013405 -0.026645  0.168546 -0.247383 -0.133799  0.006923  0.108583 -0.016976 -0.122383  0.347773  0.155712  0.152415 -0.830618  0.062286 -0.041511
                 -0.000000 -0.000000 -0.000000  0.000000 -0.000000 -0.000000 -0.000000  0.000000 -0.000000 -0.000000  0.000000  0.000000  0.000000 -0.000000  0.000000 -0.000000

       20.583142  0.011590  0.903071 -0.000364 -0.051095  0.272147  0.039713 -0.011498  0.026361  0.059826  0.043021 -0.210771 -0.085202  0.061799 -0.210359 -0.008042 -0.000883
                  0.000000  0.000000 -0.000000 -0.000000  0.000000  0.000000 -0.000000  0.000000  0.000000  0.000000 -0.000000 -0.000000  0.000000 -0.000000 -0.000000  0.000000

       20.583142  0.000883 -0.008042  0.210359  0.061799  0.085202 -0.210771 -0.043021  0.059826 -0.026361 -0.011498 -0.039713  0.272147  0.051095 -0.000364 -0.903071  0.011590
                  0.000000 -0.000000 -0.000000 -0.000000 -0.000000  0.000000  0.000000 -0.000000  0.000000 -0.000000  0.000000 -0.000000 -0.000000  0.000000  0.000000  0.000000

       49.866957  0.253820 -0.109114  0.218627 -0.369466  0.392395 -0.380374  0.306034 -0.257337  0.254115 -0.370967  0.131418 -0.090833 -0.076093 -0.102950  0.083140  0.172674
                  0.000000 -0.000000  0.000000 -0.000000  0.000000 -0.000000  0.000000 -0.000000 -0.000000  0.000000  0.000000 -0.000000  0.000000  0.000000 -0.000000 -0.000000

       49.866957  0.172674 -0.083140 -0.102950  0.076093 -0.090833 -0.131418 -0.370967 -0.254115 -0.257337 -0.306034 -0.380374 -0.392395 -0.369466 -0.218627 -0.109114 -0.253820
                  0.000000 -0.000000 -0.000000  0.000000  0.000000  0.000000 -0.000000 -0.000000  0.000000  0.000000  0.000000  0.000000  0.000000  0.000000  0.000000  0.000000

       55.217898  0.832806  0.061929 -0.083561  0.119686 -0.166420  0.217794  0.007732  0.259459  0.150380 -0.171553 -0.063206  0.266943 -0.054734  0.086758  0.017493  0.025616
                  0.000000  0.000000 -0.000000  0.000000 -0.000000  0.000000 -0.000000 -0.000000 -0.000000  0.000000  0.000000  0.000000  0.000000 -0.000000 -0.000000  0.000000

       55.217898 -0.025616  0.017493 -0.086758 -0.054734 -0.266943 -0.063206  0.171553  0.150380 -0.259459  0.007732 -0.217794 -0.166420 -0.119686 -0.083561 -0.061929  0.832806
                 -0.000000  0.000000 -0.000000 -0.000000 -0.000000 -0.000000  0.000000  0.000000 -0.000000  0.000000  0.000000  0.000000 -0.000000  0.000000  0.000000  0.000000

       61.585422  0.193492  0.019934  0.126966  0.244670 -0.094311 -0.623311 -0.105805  0.307774  0.201367  0.388893  0.046013 -0.396109  0.094571  0.117307  0.080737 -0.053107
                 -0.000000 -0.000000  0.000000 -0.000000 -0.000000  0.000000  0.000000 -0.000000 -0.000000 -0.000000 -0.000000  0.000000 -0.000000 -0.000000 -0.000000  0.000000

       61.585422  0.053107  0.080737 -0.117307  0.094571  0.396109  0.046013 -0.388893  0.201367 -0.307774 -0.105805  0.623311 -0.094311 -0.244670  0.126966 -0.019934  0.193492
                 -0.000000 -0.000000  0.000000 -0.000000 -0.000000  0.000000  0.000000 -0.000000  0.000000 -0.000000 -0.000000  0.000000  0.000000 -0.000000 -0.000000  0.000000

       65.461639  0.357103 -0.099672 -0.110154  0.234428  0.256688  0.090517  0.189452 -0.512192 -0.321304  0.490568  0.046220 -0.058509  0.217008 -0.138564 -0.051560  0.068807
                  0.000000 -0.000000 -0.000000  0.000000  0.000000  0.000000  0.000000 -0.000000 -0.000000  0.000000  0.000000 -0.000000  0.000000 -0.000000 -0.000000  0.000000

       65.461639 -0.068807 -0.051560  0.138564  0.217008  0.058509  0.046220 -0.490568 -0.321304  0.512192  0.189452 -0.090517  0.256688 -0.234428 -0.110154  0.099672  0.357103
                 -0.000000 -0.000000  0.000000  0.000000  0.000000  0.000000 -0.000000 -0.000000  0.000000 -0.000000  0.000000  0.000000 -0.000000  0.000000  0.000000  0.000000


Eigenvalues (meV ) and eigenvectors (modulus square)

                     -7.50     -6.50     -5.50     -4.50     -3.50     -2.50     -1.50     -0.50      0.50      1.50      2.50      3.50      4.50      5.50      6.50      7.50

        0.000000  0.002845  0.051478  0.049111  0.097064  0.121110  0.001135  0.011723  0.159481  0.072418  0.106049  0.104979  0.078213  0.033633  0.065300  0.038242  0.007219

        0.000000  0.007219  0.038242  0.065300  0.033633  0.078213  0.104979  0.106049  0.072418  0.159481  0.011723  0.001135  0.121110  0.097064  0.049111  0.051478  0.002845

        6.187677  0.025507  0.000629  0.005657  0.480495  0.087299  0.032200  0.051793  0.006620  0.023549  0.113682  0.062489  0.050322  0.000267  0.010925  0.047521  0.001046

        6.187677  0.001046  0.047521  0.010925  0.000267  0.050322  0.062489  0.113682  0.023549  0.006620  0.051793  0.032200  0.087299  0.480495  0.005657  0.000629  0.025507

        9.618572  0.001723  0.003880  0.689926  0.023230  0.024246  0.120946  0.014978  0.000288  0.011790  0.000048  0.017902  0.061198  0.028408  0.000710  0.000180  0.000547

        9.618572  0.000547  0.000180  0.000710  0.028408  0.061198  0.017902  0.000048  0.011790  0.000288  0.014978  0.120946  0.024246  0.023230  0.689926  0.003880  0.001723

       20.583142  0.000134  0.815537  0.000000  0.002611  0.074064  0.001577  0.000132  0.000695  0.003579  0.001851  0.044424  0.007259  0.003819  0.044251  0.000065  0.000001

       20.583142  0.000001  0.000065  0.044251  0.003819  0.007259  0.044424  0.001851  0.003579  0.000695  0.000132  0.001577  0.074064  0.002611  0.000000  0.815537  0.000134

       49.866957  0.064424  0.011906  0.047798  0.136505  0.153974  0.144684  0.093657  0.066222  0.064574  0.137616  0.017271  0.008251  0.005790  0.010599  0.006912  0.029816

       49.866957  0.029816  0.006912  0.010599  0.005790  0.008251  0.017271  0.137616  0.064574  0.066222  0.093657  0.144684  0.153974  0.136505  0.047798  0.011906  0.064424

       55.217898  0.693565  0.003835  0.006982  0.014325  0.027696  0.047434  0.000060  0.067319  0.022614  0.029431  0.003995  0.071259  0.002996  0.007527  0.000306  0.000656

       55.217898  0.000656  0.000306  0.007527  0.002996  0.071259  0.003995  0.029431  0.022614  0.067319  0.000060  0.047434  0.027696  0.014325  0.006982  0.003835  0.693565

       61.585422  0.037439  0.000397  0.016120  0.059864  0.008895  0.388516  0.011195  0.094725  0.040549  0.151238  0.002117  0.156902  0.008944  0.013761  0.006518  0.002820

       61.585422  0.002820  0.006518  0.013761  0.008944  0.156902  0.002117  0.151238  0.040549  0.094725  0.011195  0.388516  0.008895  0.059864  0.016120  0.000397  0.037439

       65.461639  0.127522  0.009934  0.012134  0.054956  0.065889  0.008193  0.035892  0.262340  0.103236  0.240657  0.002136  0.003423  0.047093  0.019200  0.002658  0.004734

       65.461639  0.004734  0.002658  0.019200  0.047093  0.003423  0.002136  0.240657  0.103236  0.262340  0.035892  0.008193  0.065889  0.054956  0.012134  0.009934  0.127522

