******************************************************
**  output file generated by SIMPRE version 1.1  **
******************************************************

 ____________________________________________________

 .######..####.##.....##.########..########..########
 ##....##..##..###...###.##.....##.##.....##.##......
 ##........##..####.####.##.....##.##.....##.##......
 .######...##..##.###.##.########..########..######..
 ......##..##..##.....##.##........##...##...##......
 ##....##..##..##.....##.##........##....##..##......
 .######..####.##.....##.##........##.....##.########
 ____________________________________________________

 ****************************************************

               ion:      Dy(III)
 number of charges:            8
                 g:        1.333
             units:         meV 

 stv           2           4           6
     -0.00634921 -0.00005920  0.00000103

 <r>k          2           4           6
      0.84900000  1.97700000 10.44000000

 shi           2           4           6
      0.52700000 -0.01990000 -0.03160000


  input coordinates

  cartesian (Å)
         x            y            z            Z  
    0.0000000    0.0000000    1.6800000    0.5000000
    0.0000000    0.0000000   -1.6800000    0.5000000
    0.7909397    1.3163447    0.3264214    0.3000000
    0.7909397   -1.3163447    0.3264214    0.3000000
   -0.7909397    1.3163447   -0.3264214    0.3000000
   -0.7909397   -1.3163447   -0.3264214    0.3000000
    1.3418705    0.0000000   -0.3221546    0.1500000
   -1.3418705    0.0000000    0.3221546    0.1500000

  spherical (rad)
         r          theta         phi           Z  
    1.6800000    0.0000000    0.0000000    0.5000000
    1.6800000    3.1415927    0.0000000    0.5000000
    1.5700000    1.3613568    1.0297443    0.3000000
    1.5700000    1.3613568    5.2534410    0.3000000
    1.5700000    1.7802358    2.1118484    0.3000000
    1.5700000    1.7802358    4.1713369    0.3000000
    1.3800000    1.8064158    0.0000000    0.1500000
    1.3800000    1.3351769    3.1415927    0.1500000


 ****************************************************
     Stevens Crystal Field Parameters (meV )
 ****************************************************

   k   q         Akq <rk>             Bkq            
 ----------------------------------------------------

   2   0       22.84516344       -0.14504866   
   2   1      -31.90238325        0.20255481   
   2  -1        0.00000000        0.00000000   
   2   2      -38.07646293        0.24175532   
   2  -2        0.00000000        0.00000000   
   4   0       32.31346513       -0.00191296   
   4   1       -0.12202180        0.00000722   
   4  -1        0.00000000        0.00000000   
   4   2        3.09771467       -0.00018338   
   4  -2        0.00000000        0.00000000   
   4   3      371.63415327       -0.02200076   
   4  -3        0.00000000        0.00000000   
   4   4      -13.46019959        0.00079684   
   4  -4        0.00000000        0.00000000   
   6   0        4.86119578        0.00000503   
   6   1        5.15910665        0.00000534   
   6  -1        0.00000000        0.00000000   
   6   2       -2.10696835       -0.00000218   
   6  -2        0.00000000        0.00000000   
   6   3     -115.23751723       -0.00011927   
   6  -3        0.00000000        0.00000000   
   6   4        2.03854566        0.00000211   
   6  -4        0.00000000        0.00000000   
   6   5       43.72854512        0.00004526   
   6  -5        0.00000000        0.00000000   
   6   6      109.17864789        0.00011300   
   6  -6        0.00000000        0.00000000   

Eigenvalues (meV ) and eigenvectors

                     -7.50     -6.50     -5.50     -4.50     -3.50     -2.50     -1.50     -0.50      0.50      1.50      2.50      3.50      4.50      5.50      6.50      7.50

        0.000000  0.947969  0.125800 -0.037926 -0.258619 -0.046577  0.058781 -0.006533 -0.051029 -0.002094  0.088133  0.010191 -0.024677  0.010291  0.009727 -0.015479 -0.003405
                  0.000000  0.000000 -0.000000 -0.000000 -0.000000  0.000000 -0.000000 -0.000000 -0.000000  0.000000  0.000000 -0.000000  0.000000  0.000000 -0.000000  0.000000

        0.000000  0.003405 -0.015479 -0.009727  0.010291  0.024677  0.010191 -0.088133 -0.002094  0.051029 -0.006533 -0.058781 -0.046577  0.258619 -0.037926 -0.125800  0.947969
                  0.000000 -0.000000 -0.000000  0.000000  0.000000  0.000000 -0.000000  0.000000  0.000000  0.000000 -0.000000 -0.000000  0.000000 -0.000000 -0.000000 -0.000000

       19.400495 -0.126087  0.321795  0.105028 -0.088770 -0.206275  0.097711  0.356306 -0.406200 -0.598101  0.212027  0.248844 -0.112210 -0.019115  0.172897  0.004389  0.100585
                 -0.000000  0.000000  0.000000 -0.000000 -0.000000  0.000000  0.000000 -0.000000 -0.000000  0.000000  0.000000 -0.000000 -0.000000  0.000000 -0.000000 -0.000000

       19.400495 -0.100585  0.004389 -0.172897 -0.019115  0.112210  0.248844 -0.212027 -0.598101  0.406200  0.356306 -0.097711 -0.206275  0.088770  0.105028 -0.321795 -0.126087
                 -0.000000  0.000000 -0.000000 -0.000000  0.000000  0.000000 -0.000000 -0.000000  0.000000  0.000000  0.000000 -0.000000  0.000000  0.000000 -0.000000  0.000000

       29.490932 -0.061088  0.699060  0.065866  0.051266 -0.402422 -0.164940 -0.009327 -0.033453  0.466682 -0.251238  0.100917  0.116033 -0.063023  0.026793 -0.021355  0.023598
                 -0.000000  0.000000  0.000000  0.000000 -0.000000 -0.000000 -0.000000 -0.000000  0.000000 -0.000000  0.000000  0.000000 -0.000000  0.000000  0.000000 -0.000000

       29.490932 -0.023598 -0.021355 -0.026793 -0.063023 -0.116033  0.100917  0.251238  0.466682  0.033453 -0.009327  0.164940 -0.402422 -0.051266  0.065866 -0.699060 -0.061088
                 -0.000000 -0.000000  0.000000 -0.000000 -0.000000 -0.000000  0.000000  0.000000  0.000000  0.000000  0.000000 -0.000000  0.000000  0.000000 -0.000000  0.000000

       36.676545 -0.010781 -0.115809 -0.323133 -0.098392  0.050977  0.396757  0.658459 -0.122483  0.250016 -0.302050 -0.150488  0.062587 -0.199264 -0.049659  0.174074  0.104934
                 -0.000000 -0.000000 -0.000000 -0.000000  0.000000  0.000000  0.000000 -0.000000 -0.000000 -0.000000  0.000000  0.000000 -0.000000  0.000000  0.000000  0.000000

       36.676545 -0.104934  0.174074  0.049659 -0.199264 -0.062587 -0.150488  0.302050  0.250016  0.122483  0.658459 -0.396757  0.050977  0.098392 -0.323133  0.115809 -0.010781
                 -0.000000 -0.000000  0.000000 -0.000000  0.000000 -0.000000 -0.000000  0.000000 -0.000000  0.000000  0.000000  0.000000 -0.000000  0.000000 -0.000000  0.000000

       49.260097 -0.100384  0.337645 -0.295136 -0.063869 -0.045095  0.625549 -0.371923  0.288787 -0.195183 -0.024343 -0.044888 -0.171193  0.131642 -0.171555  0.224532 -0.049789
                 -0.000000  0.000000 -0.000000 -0.000000 -0.000000  0.000000 -0.000000  0.000000 -0.000000 -0.000000 -0.000000 -0.000000 -0.000000 -0.000000  0.000000  0.000000

       49.260097  0.049789  0.224532  0.171555  0.131642  0.171193 -0.044888  0.024343 -0.195183 -0.288787 -0.371923 -0.625549 -0.045095  0.063869 -0.295136 -0.337645 -0.100384
                  0.000000  0.000000  0.000000  0.000000  0.000000 -0.000000 -0.000000 -0.000000 -0.000000 -0.000000 -0.000000 -0.000000  0.000000  0.000000  0.000000  0.000000

       74.152195  0.032364 -0.212759  0.744348  0.034695 -0.255599  0.334266  0.009695 -0.057219  0.188859 -0.046397 -0.017633 -0.334539  0.004573 -0.149770  0.213298  0.000556
                 -0.000000  0.000000 -0.000000 -0.000000  0.000000 -0.000000 -0.000000  0.000000 -0.000000  0.000000  0.000000  0.000000 -0.000000  0.000000 -0.000000  0.000000

       74.152195  0.000556 -0.213298 -0.149770 -0.004573 -0.334539  0.017633 -0.046397 -0.188859 -0.057219 -0.009695  0.334266  0.255599  0.034695 -0.744348 -0.212759 -0.032364
                 -0.000000  0.000000  0.000000 -0.000000  0.000000 -0.000000  0.000000  0.000000  0.000000 -0.000000 -0.000000 -0.000000  0.000000  0.000000  0.000000  0.000000

       82.563362  0.178918  0.017861 -0.270315  0.741996 -0.078669 -0.181529  0.151564 -0.022860  0.010493  0.099008  0.032459 -0.449181  0.090617 -0.125016  0.211226 -0.014772
                  0.000000  0.000000 -0.000000  0.000000 -0.000000 -0.000000  0.000000 -0.000000 -0.000000  0.000000 -0.000000 -0.000000  0.000000 -0.000000  0.000000  0.000000

       82.563362  0.014772  0.211226  0.125016  0.090617  0.449181  0.032459 -0.099008  0.010493  0.022860  0.151564  0.181529 -0.078669 -0.741996 -0.270315 -0.017861  0.178918
                  0.000000  0.000000  0.000000  0.000000  0.000000  0.000000  0.000000  0.000000  0.000000  0.000000  0.000000 -0.000000 -0.000000  0.000000  0.000000  0.000000

       90.022089 -0.105295 -0.132035 -0.241318 -0.460904 -0.261637 -0.373379 -0.177647 -0.121303 -0.049642 -0.163623 -0.169494 -0.524561 -0.273757 -0.075169  0.173089  0.054698
                 -0.000000 -0.000000 -0.000000 -0.000000 -0.000000 -0.000000 -0.000000  0.000000 -0.000000  0.000000 -0.000000  0.000000 -0.000000  0.000000 -0.000000  0.000000

       90.022089 -0.054698  0.173089  0.075169 -0.273757  0.524561 -0.169494  0.163623 -0.049642  0.121303 -0.177647  0.373379 -0.261637  0.460904 -0.241318  0.132035 -0.105295
                 -0.000000  0.000000  0.000000 -0.000000  0.000000  0.000000  0.000000  0.000000  0.000000  0.000000  0.000000  0.000000  0.000000  0.000000 -0.000000  0.000000


Eigenvalues (meV ) and eigenvectors (modulus square)

                     -7.50     -6.50     -5.50     -4.50     -3.50     -2.50     -1.50     -0.50      0.50      1.50      2.50      3.50      4.50      5.50      6.50      7.50

        0.000000  0.898645  0.015826  0.001438  0.066884  0.002169  0.003455  0.000043  0.002604  0.000004  0.007767  0.000104  0.000609  0.000106  0.000095  0.000240  0.000012

        0.000000  0.000012  0.000240  0.000095  0.000106  0.000609  0.000104  0.007767  0.000004  0.002604  0.000043  0.003455  0.002169  0.066884  0.001438  0.015826  0.898645

       19.400495  0.015898  0.103552  0.011031  0.007880  0.042550  0.009547  0.126954  0.164999  0.357725  0.044955  0.061923  0.012591  0.000365  0.029893  0.000019  0.010117

       19.400495  0.010117  0.000019  0.029893  0.000365  0.012591  0.061923  0.044955  0.357725  0.164999  0.126954  0.009547  0.042550  0.007880  0.011031  0.103552  0.015898

       29.490932  0.003732  0.488685  0.004338  0.002628  0.161943  0.027205  0.000087  0.001119  0.217792  0.063120  0.010184  0.013464  0.003972  0.000718  0.000456  0.000557

       29.490932  0.000557  0.000456  0.000718  0.003972  0.013464  0.010184  0.063120  0.217792  0.001119  0.000087  0.027205  0.161943  0.002628  0.004338  0.488685  0.003732

       36.676545  0.000116  0.013412  0.104415  0.009681  0.002599  0.157416  0.433568  0.015002  0.062508  0.091234  0.022647  0.003917  0.039706  0.002466  0.030302  0.011011

       36.676545  0.011011  0.030302  0.002466  0.039706  0.003917  0.022647  0.091234  0.062508  0.015002  0.433568  0.157416  0.002599  0.009681  0.104415  0.013412  0.000116

       49.260097  0.010077  0.114004  0.087105  0.004079  0.002034  0.391312  0.138327  0.083398  0.038096  0.000593  0.002015  0.029307  0.017330  0.029431  0.050415  0.002479

       49.260097  0.002479  0.050415  0.029431  0.017330  0.029307  0.002015  0.000593  0.038096  0.083398  0.138327  0.391312  0.002034  0.004079  0.087105  0.114004  0.010077

       74.152195  0.001047  0.045267  0.554054  0.001204  0.065331  0.111734  0.000094  0.003274  0.035668  0.002153  0.000311  0.111916  0.000021  0.022431  0.045496  0.000000

       74.152195  0.000000  0.045496  0.022431  0.000021  0.111916  0.000311  0.002153  0.035668  0.003274  0.000094  0.111734  0.065331  0.001204  0.554054  0.045267  0.001047

       82.563362  0.032012  0.000319  0.073070  0.550558  0.006189  0.032953  0.022972  0.000523  0.000110  0.009803  0.001054  0.201764  0.008211  0.015629  0.044616  0.000218

       82.563362  0.000218  0.044616  0.015629  0.008211  0.201764  0.001054  0.009803  0.000110  0.000523  0.022972  0.032953  0.006189  0.550558  0.073070  0.000319  0.032012

       90.022089  0.011087  0.017433  0.058235  0.212432  0.068454  0.139412  0.031558  0.014714  0.002464  0.026772  0.028728  0.275165  0.074943  0.005650  0.029960  0.002992

       90.022089  0.002992  0.029960  0.005650  0.074943  0.275165  0.028728  0.026772  0.002464  0.014714  0.031558  0.139412  0.068454  0.212432  0.058235  0.017433  0.011087

