******************************************************
**  output file generated by SIMPRE version 1.1  **
******************************************************

 ____________________________________________________

 .######..####.##.....##.########..########..########
 ##....##..##..###...###.##.....##.##.....##.##......
 ##........##..####.####.##.....##.##.....##.##......
 .######...##..##.###.##.########..########..######..
 ......##..##..##.....##.##........##...##...##......
 ##....##..##..##.....##.##........##....##..##......
 .######..####.##.....##.##........##.....##.########
 ____________________________________________________

 ****************************************************

               ion:      Tm(III)
 number of charges:            8
                 g:        1.167
             units:         meV 

 stv           2           4           6
      0.01010101  0.00016325 -0.00000561

 <r>k          2           4           6
      0.74000000  1.55500000  7.65900000

 shi           2           4           6
      0.55400000 -0.05670000 -0.03060000


  input coordinates

  cartesian (Å)
         x            y            z            Z  
    0.0000000    0.0000000    1.6400000    0.5000000
    0.0000000    0.0000000   -1.6400000    0.5000000
    0.7909397    1.3163447    0.3264214    0.3000000
    0.7909397   -1.3163447    0.3264214    0.3000000
   -0.7909397    1.3163447   -0.3264214    0.3000000
   -0.7909397   -1.3163447   -0.3264214    0.3000000
    1.4391075    0.0000000   -0.3454991    0.1500000
   -1.4391075    0.0000000    0.3454991    0.1500000

  spherical (rad)
         r          theta         phi           Z  
    1.6400000    0.0000000    0.0000000    0.5000000
    1.6400000    3.1415927    0.0000000    0.5000000
    1.5700000    1.3613568    1.0297443    0.3000000
    1.5700000    1.3613568    5.2534410    0.3000000
    1.5700000    1.7802358    2.1118484    0.3000000
    1.5700000    1.7802358    4.1713369    0.3000000
    1.4800000    1.8064158    0.0000000    0.1500000
    1.4800000    1.3351769    3.1415927    0.1500000


 ****************************************************
     Stevens Crystal Field Parameters (meV )
 ****************************************************

   k   q         Akq <rk>             Bkq            
 ----------------------------------------------------

   2   0       35.31086253        0.35667538   
   2   1      -45.80447765       -0.46267149   
   2  -1        0.00000000        0.00000000   
   2   2      -51.68806254       -0.52210164   
   2  -2        0.00000000        0.00000000   
   4   0       27.79863014        0.00453809   
   4   1       12.09561707        0.00197459   
   4  -1        0.00000000        0.00000000   
   4   2        8.52369037        0.00139148   
   4  -2        0.00000000        0.00000000   
   4   3      272.03013634        0.04440855   
   4  -3        0.00000000        0.00000000   
   4   4      -27.01793967       -0.00441064   
   4  -4        0.00000000        0.00000000   
   6   0        4.34256618       -0.00002434   
   6   1       -4.06471167        0.00002279   
   6  -1        0.00000000        0.00000000   
   6   2       -2.23466326        0.00001253   
   6  -2        0.00000000        0.00000000   
   6   3      -71.60324086        0.00040141   
   6  -3        0.00000000        0.00000000   
   6   4        4.17439497       -0.00002340   
   6  -4        0.00000000        0.00000000   
   6   5       -1.36932357        0.00000768   
   6  -5        0.00000000        0.00000000   
   6   6       68.41827120       -0.00038356   
   6  -6        0.00000000        0.00000000   

Eigenvalues (meV ) and eigenvectors

                     -6.00     -5.00     -4.00     -3.00     -2.00     -1.00      0.00      1.00      2.00      3.00      4.00      5.00      6.00

        0.000000  0.116373  0.105462 -0.096752  0.649187 -0.034783  0.208136 -0.000000  0.208136  0.034783  0.649187  0.096752  0.105462 -0.116373
                  0.000000  0.000000 -0.000000  0.000000 -0.000000  0.000000 -0.000000  0.000000  0.000000  0.000000 -0.000000 -0.000000  0.000000

        4.187387 -0.004545 -0.065662 -0.502397  0.132793 -0.449765 -0.013479 -0.215225  0.013479 -0.449765 -0.132793 -0.502397  0.065662 -0.004545
                 -0.000000 -0.000000 -0.000000  0.000000 -0.000000 -0.000000 -0.000000  0.000000 -0.000000 -0.000000 -0.000000  0.000000  0.000000

       20.278590 -0.027286  0.116375 -0.645652 -0.041661  0.183053 -0.183310  0.000000 -0.183310 -0.183053 -0.041661  0.645652  0.116375  0.027286
                 -0.000000  0.000000 -0.000000 -0.000000  0.000000 -0.000000 -0.000000 -0.000000 -0.000000  0.000000  0.000000  0.000000  0.000000

       25.507842 -0.165913 -0.200013  0.053497 -0.617989 -0.166141 -0.060414 -0.181345  0.060414 -0.166141  0.617989  0.053497  0.200013 -0.165913
                 -0.000000 -0.000000 -0.000000 -0.000000 -0.000000 -0.000000 -0.000000 -0.000000  0.000000  0.000000  0.000000 -0.000000  0.000000

       30.597473 -0.011848  0.387021  0.162941 -0.076563  0.522095  0.212320 -0.000000  0.212320 -0.522095 -0.076563 -0.162941  0.387021  0.011848
                  0.000000 -0.000000 -0.000000  0.000000 -0.000000 -0.000000 -0.000000 -0.000000  0.000000  0.000000  0.000000 -0.000000  0.000000

       33.855556  0.070441 -0.353916  0.410213  0.214889 -0.320158  0.212044 -0.125427 -0.212044 -0.320158 -0.214889  0.410213  0.353916  0.070441
                  0.000000  0.000000  0.000000  0.000000  0.000000  0.000000 -0.000000  0.000000 -0.000000 -0.000000 -0.000000  0.000000  0.000000

       47.636220  0.112105 -0.174195  0.187836  0.220518  0.317601 -0.521831  0.000000 -0.521831 -0.317601  0.220518 -0.187836 -0.174195 -0.112105
                  0.000000 -0.000000  0.000000  0.000000  0.000000 -0.000000 -0.000000 -0.000000 -0.000000  0.000000 -0.000000 -0.000000  0.000000

       59.448640  0.089315 -0.489559 -0.209949 -0.013537  0.156498 -0.011453  0.605756  0.011453  0.156498  0.013537 -0.209949  0.489559  0.089315
                  0.000000 -0.000000 -0.000000 -0.000000  0.000000  0.000000  0.000000  0.000000  0.000000 -0.000000 -0.000000  0.000000  0.000000

       68.043266 -0.042039  0.540540  0.104872  0.023207 -0.299205 -0.324020  0.000000 -0.324020  0.299205  0.023207 -0.104872  0.540540  0.042039
                  0.000000  0.000000  0.000000  0.000000 -0.000000 -0.000000  0.000000  0.000000 -0.000000 -0.000000  0.000000 -0.000000  0.000000

       71.170902  0.083497  0.013264  0.165880  0.073700 -0.192880 -0.636016  0.190708  0.636016 -0.192880 -0.073700  0.165880 -0.013264  0.083497
                  0.000000  0.000000  0.000000  0.000000 -0.000000 -0.000000  0.000000 -0.000000  0.000000  0.000000 -0.000000  0.000000  0.000000

       75.693487 -0.018970  0.295133  0.065486 -0.120407 -0.325024  0.210086  0.698532 -0.210086 -0.325024  0.120407  0.065486 -0.295133 -0.018970
                 -0.000000  0.000000  0.000000 -0.000000 -0.000000  0.000000  0.000000 -0.000000 -0.000000  0.000000  0.000000 -0.000000  0.000000

       99.759365 -0.686467 -0.054977  0.030703  0.147621  0.048006 -0.026470  0.000000 -0.026470 -0.048006  0.147621 -0.030703 -0.054977  0.686467
                 -0.000000 -0.000000  0.000000  0.000000  0.000000 -0.000000  0.000000 -0.000000 -0.000000  0.000000 -0.000000 -0.000000  0.000000

      101.465393  0.672445  0.058983 -0.024032 -0.184840 -0.016499  0.049212 -0.117490 -0.049212 -0.016499  0.184840 -0.024032 -0.058983  0.672445
                  0.000000  0.000000 -0.000000 -0.000000  0.000000  0.000000 -0.000000 -0.000000 -0.000000  0.000000 -0.000000 -0.000000  0.000000


Eigenvalues (meV ) and eigenvectors (modulus square)

                     -6.00     -5.00     -4.00     -3.00     -2.00     -1.00      0.00      1.00      2.00      3.00      4.00      5.00      6.00

        0.000000  0.013543  0.011122  0.009361  0.421444  0.001210  0.043321  0.000000  0.043321  0.001210  0.421444  0.009361  0.011122  0.013543

        4.187387  0.000021  0.004312  0.252403  0.017634  0.202289  0.000182  0.046322  0.000182  0.202289  0.017634  0.252403  0.004312  0.000021

       20.278590  0.000745  0.013543  0.416866  0.001736  0.033508  0.033602  0.000000  0.033602  0.033508  0.001736  0.416866  0.013543  0.000745

       25.507842  0.027527  0.040005  0.002862  0.381910  0.027603  0.003650  0.032886  0.003650  0.027603  0.381910  0.002862  0.040005  0.027527

       30.597473  0.000140  0.149785  0.026550  0.005862  0.272583  0.045080  0.000000  0.045080  0.272583  0.005862  0.026550  0.149785  0.000140

       33.855556  0.004962  0.125257  0.168275  0.046177  0.102501  0.044962  0.015732  0.044962  0.102501  0.046177  0.168275  0.125257  0.004962

       47.636220  0.012568  0.030344  0.035282  0.048628  0.100871  0.272307  0.000000  0.272307  0.100871  0.048628  0.035282  0.030344  0.012568

       59.448640  0.007977  0.239668  0.044079  0.000183  0.024492  0.000131  0.366940  0.000131  0.024492  0.000183  0.044079  0.239668  0.007977

       68.043266  0.001767  0.292183  0.010998  0.000539  0.089524  0.104989  0.000000  0.104989  0.089524  0.000539  0.010998  0.292183  0.001767

       71.170902  0.006972  0.000176  0.027516  0.005432  0.037203  0.404517  0.036369  0.404517  0.037203  0.005432  0.027516  0.000176  0.006972

       75.693487  0.000360  0.087103  0.004288  0.014498  0.105641  0.044136  0.487947  0.044136  0.105641  0.014498  0.004288  0.087103  0.000360

       99.759365  0.471238  0.003023  0.000943  0.021792  0.002305  0.000701  0.000000  0.000701  0.002305  0.021792  0.000943  0.003023  0.471238

      101.465393  0.452182  0.003479  0.000578  0.034166  0.000272  0.002422  0.013804  0.002422  0.000272  0.034166  0.000578  0.003479  0.452182

