******************************************************
**  output file generated by SIMPRE version 1.1  **
******************************************************

 ____________________________________________________

 .######..####.##.....##.########..########..########
 ##....##..##..###...###.##.....##.##.....##.##......
 ##........##..####.####.##.....##.##.....##.##......
 .######...##..##.###.##.########..########..######..
 ......##..##..##.....##.##........##...##...##......
 ##....##..##..##.....##.##........##....##..##......
 .######..####.##.....##.##........##.....##.########
 ____________________________________________________

 ****************************************************

               ion:      Yb(III)
 number of charges:            8
                 g:        1.143
             units:         meV 

 stv           2           4           6
      0.03174603 -0.00173160  0.00014800

 <r>k          2           4           6
      0.57100000  1.44800000  7.00300000

 shi           2           4           6
      0.57100000 -0.07250000 -0.03000000


  input coordinates

  cartesian (Å)
         x            y            z            Z  
    0.0000000    0.0000000    1.5400000    0.5000000
    0.0000000    0.0000000   -1.5400000    0.5000000
    1.5111907    0.0000000   -0.2964838    0.3330000
    0.7555954    1.3087295    0.2964838    0.3330000
   -0.7555954    1.3087295   -0.2964838    0.3330000
   -1.5111907    0.0000000    0.2964838    0.3330000
   -0.7555954   -1.3087295   -0.2964838    0.3330000
    0.7555954   -1.3087295    0.2964838    0.3330000

  spherical (rad)
         r          theta         phi           Z  
    1.5400000    0.0000000    0.0000000    0.5000000
    1.5400000    3.1415927    0.0000000    0.5000000
    1.5400000    1.7645279    0.0000000    0.3330000
    1.5400000    1.3770648    1.0471976    0.3330000
    1.5400000    1.7645279    2.0943951    0.3330000
    1.5400000    1.3770648    3.1415927    0.3330000
    1.5400000    1.7645279    4.1887902    0.3330000
    1.5400000    1.3770648    5.2359878    0.3330000


 ****************************************************
     Stevens Crystal Field Parameters (meV )
 ****************************************************

   k   q         Akq <rk>             Bkq            
 ----------------------------------------------------

   2   0       15.15635576        0.48115415   
   4   0       37.54319757       -0.06500987   
   4   3      321.93496816       -0.55746315   
   4  -3        0.00000000        0.00000000   
   6   0        5.61418180        0.00083090   
   6   3      -85.81616141       -0.01270080   
   6  -3        0.00000000        0.00000000   
   6   6       89.36425836        0.01322592   
   6  -6        0.00000000        0.00000000   

Eigenvalues (meV ) and eigenvectors

                     -3.50     -2.50     -1.50     -0.50      0.50      1.50      2.50      3.50

        0.000000  0.494139 -0.000000  0.000000 -0.861381  0.000001 -0.000000 -0.117687  0.000001
                  0.000000 -0.000000  0.000000 -0.000000  0.000000  0.000000  0.000000  0.000000

        0.000000  0.000001  0.117687  0.000000 -0.000001 -0.861381 -0.000000 -0.000000 -0.494139
                  0.000000  0.000000  0.000000 -0.000000 -0.000000  0.000000  0.000000  0.000000

       59.926255 -0.851355 -0.000000 -0.000000 -0.506862 -0.000000 -0.000000  0.135224  0.000000
                 -0.000000 -0.000000  0.000000  0.000000 -0.000000 -0.000000 -0.000000  0.000000

       59.926255  0.000000 -0.135224  0.000000  0.000000 -0.506862 -0.000000 -0.000000  0.851355
                  0.000000 -0.000000 -0.000000 -0.000000 -0.000000  0.000000  0.000000  0.000000

       79.872038  0.000000 -0.000000 -1.000000 -0.000000 -0.000000  0.000007 -0.000000  0.000000
                  0.000000  0.000000  0.000000 -0.000000 -0.000000 -0.000000  0.000000  0.000000

       79.872038  0.000000 -0.000000  0.000007 -0.000000 -0.000000  1.000000  0.000000  0.000000
                  0.000000  0.000000 -0.000000  0.000000 -0.000000 -0.000000 -0.000000  0.000000

      112.514690  0.000000  0.983801 -0.000000 -0.000000  0.033374 -0.000000  0.000001  0.176130
                 -0.000000  0.000000  0.000000  0.000000  0.000000  0.000000 -0.000000  0.000000

      112.514690 -0.176130  0.000001  0.000000  0.033374  0.000000  0.000000 -0.983801  0.000000
                  0.000000  0.000000 -0.000000 -0.000000  0.000000 -0.000000  0.000000  0.000000


Eigenvalues (meV ) and eigenvectors (modulus square)

                     -3.50     -2.50     -1.50     -0.50      0.50      1.50      2.50      3.50

        0.000000  0.244173  0.000000  0.000000  0.741977  0.000000  0.000000  0.013850  0.000000

        0.000000  0.000000  0.013850  0.000000  0.000000  0.741977  0.000000  0.000000  0.244173

       59.926255  0.724805  0.000000  0.000000  0.256909  0.000000  0.000000  0.018286  0.000000

       59.926255  0.000000  0.018286  0.000000  0.000000  0.256909  0.000000  0.000000  0.724805

       79.872038  0.000000  0.000000  1.000000  0.000000  0.000000  0.000000  0.000000  0.000000

       79.872038  0.000000  0.000000  0.000000  0.000000  0.000000  1.000000  0.000000  0.000000

      112.514690  0.000000  0.967864  0.000000  0.000000  0.001114  0.000000  0.000000  0.031022

      112.514690  0.031022  0.000000  0.000000  0.001114  0.000000  0.000000  0.967864  0.000000

